<?xml version="1.0" encoding="UTF-8"?>
<!-- Generated by org.testng.reporters.JUnitReportReporter -->
<testsuite skipped="0" hostname="LAPTOP-35P4TRI0" name="ai.skillo.RegistrationTests" tests="3" failures="0" timestamp="2020-10-23T15:46:58 EDT" time="34.863" errors="0">
  <testcase name="registrationSiteTest" time="16.321" classname="ai.skillo.RegistrationTests"/>
  <system-out/>
  <testcase name="checkExcludingNotMatchingPasswords" time="12.249" classname="ai.skillo.RegistrationTests"/>
  <system-out/>
  <testcase name="checkExcludingDoubleEmails" time="6.293" classname="ai.skillo.RegistrationTests"/>
  <system-out/>
</testsuite> <!-- ai.skillo.RegistrationTests -->
