<?xml version="1.0" encoding="UTF-8"?>
<!-- Generated by org.testng.reporters.JUnitReportReporter -->
<testsuite skipped="0" hostname="LAPTOP-35P4TRI0" name="ai.skillo.LoginTests" tests="3" failures="0" timestamp="2020-10-23T15:46:58 EDT" time="9.770" errors="0">
  <testcase name="loginSiteTest" time="5.767" classname="ai.skillo.LoginTests"/>
  <system-out/>
  <testcase name="logoutSiteTest" time="1.808" classname="ai.skillo.LoginTests"/>
  <system-out/>
  <testcase name="emptyCredentialsLoginTest" time="2.195" classname="ai.skillo.LoginTests"/>
  <system-out/>
</testsuite> <!-- ai.skillo.LoginTests -->
